<?xml version="1.0" encoding="UTF-8"?>
<!-- Generated by org.testng.reporters.JUnitReportReporter -->
<testsuite skipped="1" hostname="LAPTOP-8SPAFBE0" name="org.test.UnDosTresTest" tests="5" failures="0" timestamp="09 Aug 2022 16:17:59 GMT" time="35.646" errors="0">
  <testcase name="TestCase2" time="27.464" classname="org.test.UnDosTresTest"/>
  <testcase name="TestCase1" time="3.821" classname="org.test.UnDosTresTest"/>
  <testcase name="test3" time="0.564" classname="org.test.UnDosTresTest"/>
  <testcase name="test5" time="3.797" classname="org.test.UnDosTresTest"/>
  <testcase name="test4" classname="org.test.UnDosTresTest">
    <skipped/>
  </testcase> <!-- test4 -->
</testsuite> <!-- org.test.UnDosTresTest -->
